<?xml version="1.0" encoding="UTF-8"?>
<!-- Generated by org.testng.reporters.JUnitReportReporter -->
<testsuite skipped="0" hostname="user-PC" name="FreeCrm.DatePickerCalendar.calendar" tests="1" failures="0" timestamp="08 Sep 2019 07:55:52 GMT" time="58.468" errors="0">
  <testcase name="CalendarControl" time="58.468" classname="FreeCrm.DatePickerCalendar.calendar"/>
</testsuite> <!-- FreeCrm.DatePickerCalendar.calendar -->
